============================= test session starts =============================
platform win32 -- Python 3.11.0, pytest-9.0.3, pluggy-1.6.0 -- C:\Users\giakh\Project\Project082\A20-App-082\venv\Scripts\python.exe
cachedir: .pytest_cache
rootdir: C:\Users\giakh\Project\Project082\A20-App-082
plugins: anyio-4.13.0
collecting ... collected 57 items

tests/backend/test_ai_content_generate.py::test_generate_quiz_content_resolves_letter_and_text_answers PASSED [  1%]
tests/backend/test_ai_content_generate.py::test_generate_quiz_from_document_accepts_string_correct_index PASSED [  3%]
tests/backend/test_ai_content_generate.py::test_generate_fullset_content_preserves_non_a_quiz_answers PASSED [  5%]
tests/backend/test_ai_content_generate.py::test_generate_slide_content_pads_to_exact_requested_count PASSED [  7%]
tests/backend/test_ai_content_generate.py::test_generate_quiz_content_pads_to_exact_requested_count PASSED [  8%]
tests/backend/test_ai_content_generate.py::test_generate_quiz_content_reviews_and_repairs_ambiguous_answers PASSED [ 10%]
tests/backend/test_ai_content_generate.py::test_generate_flash_content_pads_to_exact_requested_count PASSED [ 12%]
tests/backend/test_api_server.py::test_health_reports_expected_shape PASSED [ 14%]
tests/backend/test_api_server.py::test_chat_success_persists_user_and_assistant_messages PASSED [ 15%]
tests/backend/test_api_server.py::test_chat_feature_help_question_still_calls_model PASSED [ 17%]
tests/backend/test_api_server.py::test_chat_out_of_scope_returns_refusal_without_calling_model PASSED [ 19%]
tests/backend/test_api_server.py::test_chat_whitespace_input_returns_400 PASSED [ 21%]
tests/backend/test_api_server.py::test_chat_empty_string_payload_returns_422 PASSED [ 22%]
tests/backend/test_api_server.py::test_chat_failure_removes_just_added_user_message PASSED [ 24%]
tests/backend/test_api_server.py::test_chat_get_client_failure_removes_just_added_user_message PASSED [ 26%]
tests/backend/test_api_server.py::test_list_sessions_honors_limit_and_offset PASSED [ 28%]
tests/backend/test_api_server.py::test_session_messages_returns_role_mapping_and_pagination PASSED [ 29%]
tests/backend/test_api_server.py::test_export_slide_pdf_returns_file_response PASSED [ 31%]
tests/backend/test_api_server.py::test_export_slide_pdf_surfaces_script_failure PASSED [ 33%]
tests/backend/test_api_server.py::test_ai_generate_blocks_unsafe_direct_form_content[slide-payload0] PASSED [ 35%]
tests/backend/test_api_server.py::test_ai_generate_blocks_unsafe_direct_form_content[quiz-payload1] PASSED [ 36%]
tests/backend/test_api_server.py::test_ai_generate_blocks_unsafe_direct_form_content[flashcard-payload2] PASSED [ 38%]
tests/backend/test_api_server.py::test_ai_generate_blocks_unsafe_direct_form_content[fullset-payload3] PASSED [ 40%]
tests/backend/test_api_server.py::test_ai_generate_allows_short_safe_manual_topic PASSED [ 42%]
tests/backend/test_api_server.py::test_file_upload_blocks_explicit_nsfw_content PASSED [ 43%]
tests/backend/test_api_server.py::test_file_upload_blocks_illegal_instruction_content PASSED [ 45%]
tests/backend/test_api_server.py::test_file_upload_allows_normal_educational_content PASSED [ 47%]
tests/backend/test_api_server.py::test_file_upload_rejects_document_without_readable_text PASSED [ 49%]
tests/backend/test_api_server.py::test_file_upload_rejects_dashboard_like_uploads PASSED [ 50%]
tests/backend/test_auth_account_history.py::test_auth_register_login_and_me_roundtrip PASSED [ 52%]
tests/backend/test_auth_account_history.py::test_chat_history_isolated_per_account PASSED [ 54%]
tests/backend/test_auth_account_history.py::test_user_state_persists_sessions_for_login_restore PASSED [ 56%]
tests/backend/test_chat_scope_policy.py::test_allows_english_learning_questions PASSED [ 57%]
tests/backend/test_chat_scope_policy.py::test_allows_feature_help_questions PASSED [ 59%]
tests/backend/test_chat_scope_policy.py::test_blocks_other_subject_questions PASSED [ 61%]
tests/backend/test_chat_scope_policy.py::test_blocks_unrelated_questions PASSED [ 63%]
tests/backend/test_chat_scope_policy.py::test_allows_short_topic_input_for_custom_form_mode PASSED [ 64%]
tests/backend/test_import_thptqg_fulltests.py::test_option_re_only_matches_option_markers_at_line_start PASSED [ 66%]
tests/backend/test_import_thptqg_fulltests.py::test_slurp_raises_for_invalid_utf8 PASSED [ 68%]
tests/backend/test_import_thptqg_fulltests.py::test_find_question_runs_keeps_multiple_valid_runs PASSED [ 70%]
tests/backend/test_import_thptqg_fulltests.py::test_apply_clear_answer_overrides_normalizes_lowercase_letters PASSED [ 71%]
tests/backend/test_import_thptqg_fulltests.py::test_apply_clear_answer_overrides_can_handle_uppercase_mapping PASSED [ 73%]
tests/backend/test_import_thptqg_fulltests.py::test_strip_answer_leakage_removes_answer_table_and_explanations PASSED [ 75%]
tests/backend/test_import_thptqg_fulltests.py::test_strip_answer_leakage_keeps_normal_question_text PASSED [ 77%]
tests/backend/test_import_thptqg_fulltests.py::test_find_option_run_supports_inline_options_without_grabbing_prompt_initials PASSED [ 78%]
tests/backend/test_import_thptqg_fulltests.py::test_parse_question_sequence_accepts_inline_option_layout PASSED [ 80%]
tests/backend/test_slide_export_runtime.py::test_resolve_node_runtime_prefers_path_lookup PASSED [ 82%]
tests/backend/test_slide_export_runtime.py::test_resolve_node_runtime_uses_configured_env_path PASSED [ 84%]
tests/backend/test_slide_export_runtime.py::test_resolve_node_runtime_returns_none_when_unavailable PASSED [ 85%]
tests/backend/test_thptqg_fulltest_bundle.py::test_fulltest_questions_keep_four_unique_non_empty_options PASSED [ 87%]
tests/backend/test_thptqg_fulltest_bundle.py::test_fulltest_regression_keys_and_sequences PASSED [ 89%]
tests/backend/test_upload_safety.py::test_blocks_explicit_nsfw_upload_text PASSED [ 91%]
tests/backend/test_upload_safety.py::test_blocks_illegal_instruction_upload_text PASSED [ 92%]
tests/backend/test_upload_safety.py::test_allows_normal_educational_text PASSED [ 94%]
tests/backend/test_upload_safety.py::test_blocks_obscene_notes_even_when_document_is_safe PASSED [ 96%]
tests/backend/test_upload_safety.py::test_blocks_dashboard_like_text_even_when_it_has_words PASSED [ 98%]
tests/backend/test_upload_safety.py::test_blocks_random_text_without_teaching_signal PASSED [100%]

============================= 57 passed in 11.01s =============================
